<?xml version="1.0" encoding="UTF-8"?>
<!-- Generated by org.testng.reporters.JUnitXMLReporter -->
<testsuite ignored="0" hostname="DESKTOP-5S4BVUO" failures="0" tests="3" name="Test" time="25.304" errors="0" timestamp="2022-05-31T15:34:30 IST">
  <testcase classname="com.practice.CreateContactTest" name="createContactTest" time="19.035"/>
  <testcase classname="com.practice.PracticeClassTest" name="practiceMethodTest" time="0.01"/>
  <testcase classname="com.practice.LoginTest" name="loginTest" time="5.987"/>
</testsuite> <!-- Test -->
