<?xml version="1.0" encoding="UTF-8"?>
<testng-results ignored="0" total="3" passed="3" failed="0" skipped="0">
  <reporter-output>
    <line>
      <![CDATA[testNg practice class]]>
    </line>
    <line>
      <![CDATA[test case is passed]]>
    </line>
  </reporter-output>
  <suite started-at="2022-05-31T15:34:05 IST" name="Suite" finished-at="2022-05-31T15:34:30 IST" duration-ms="25304">
    <groups>
    </groups>
    <test started-at="2022-05-31T15:34:05 IST" name="Test" finished-at="2022-05-31T15:34:30 IST" duration-ms="25304">
      <class name="com.practice.PracticeClassTest">
        <test-method signature="practiceMethodTest()[pri:0, instance:com.practice.PracticeClassTest@2bf94401]" started-at="2022-05-31T15:34:24 IST" name="practiceMethodTest" finished-at="2022-05-31T15:34:24 IST" duration-ms="10" status="PASS">
          <reporter-output>
            <line>
              <![CDATA[testNg practice class]]>
            </line>
            <line>
              <![CDATA[test case is passed]]>
            </line>
          </reporter-output>
        </test-method> <!-- practiceMethodTest -->
      </class> <!-- com.practice.PracticeClassTest -->
      <class name="com.practice.CreateContactTest">
        <test-method signature="createContactTest()[pri:0, instance:com.practice.CreateContactTest@1949309d]" started-at="2022-05-31T15:34:05 IST" name="createContactTest" finished-at="2022-05-31T15:34:24 IST" duration-ms="19035" status="PASS">
          <reporter-output>
          </reporter-output>
        </test-method> <!-- createContactTest -->
      </class> <!-- com.practice.CreateContactTest -->
      <class name="com.practice.LoginTest">
        <test-method signature="loginTest()[pri:0, instance:com.practice.LoginTest@2532b351]" started-at="2022-05-31T15:34:24 IST" name="loginTest" finished-at="2022-05-31T15:34:30 IST" duration-ms="5987" status="PASS">
          <reporter-output>
          </reporter-output>
        </test-method> <!-- loginTest -->
      </class> <!-- com.practice.LoginTest -->
    </test> <!-- Test -->
  </suite> <!-- Suite -->
</testng-results>
